<?xml version="1.0" encoding="UTF-8"?>
<!-- Generated by org.testng.reporters.JUnitReportReporter -->
<testsuite hostname="DESKTOP-HBDQUU0" failures="0" tests="1" name="com.qa.test1.NaukriUpdate" time="38.811" errors="0" timestamp="2023-12-19T23:13:17 IST" skipped="0">
  <testcase classname="com.qa.test1.NaukriUpdate" name="lunch_browser" time="38.811"/>
  <system-out/>
</testsuite> <!-- com.qa.test1.NaukriUpdate -->
