<?xml version="1.0" encoding="UTF-8"?>
<!-- Generated by org.testng.reporters.JUnitReportReporter -->
<testsuite hostname="DESKTOP-HBDQUU0" failures="0" tests="1" name="com.qa.test1.LunchingNaukri" time="6.274" errors="0" timestamp="2023-12-20T13:03:55 IST" skipped="0">
  <testcase classname="com.qa.test1.LunchingNaukri" name="lunch_browser" time="6.274"/>
  <system-out/>
</testsuite> <!-- com.qa.test1.LunchingNaukri -->
